{
  "stats": {
    "suites": 2,
    "tests": 3,
    "passes": 3,
    "pending": 0,
    "failures": 0,
    "start": "2025-11-05T15:42:18.972Z",
    "end": "2025-11-05T15:43:06.122Z",
    "duration": 47150,
    "testsRegistered": 3,
    "passPercent": 100,
    "pendingPercent": 0,
    "other": 0,
    "hasOther": false,
    "skipped": 0,
    "hasSkipped": false
  },
  "results": [
    {
      "uuid": "e80274cc-d291-484c-bd9b-8987c6b5dbf9",
      "title": "",
      "fullFile": "",
      "file": "",
      "beforeHooks": [],
      "afterHooks": [],
      "tests": [],
      "suites": [
        {
          "uuid": "283124fc-6524-4346-bb40-4ea074af788b",
          "title": "Login",
          "fullFile": "C:\\Users\\eduar\\Documents\\projetos\\teste-mobile-mc-5\\features\\basic.feature",
          "file": "\\features\\basic.feature",
          "beforeHooks": [
            {
              "title": "\"before all\" hook: codeceptjs.beforeSuite in \"Login\"",
              "fullTitle": "Login \"before all\" hook: codeceptjs.beforeSuite in \"Login\"",
              "timedOut": false,
              "duration": 2,
              "state": null,
              "speed": null,
              "pass": false,
              "fail": false,
              "pending": false,
              "context": null,
              "code": "suiteSetup(suite)",
              "err": {},
              "uuid": "dcdc0100-e885-49fc-bbf3-f9160ba70477",
              "parentUUID": "283124fc-6524-4346-bb40-4ea074af788b",
              "isHook": true,
              "skipped": false
            },
            {
              "title": "\"before each\" hook: codeceptjs.before in \"Login\"",
              "fullTitle": "Login \"before each\" hook: codeceptjs.before in \"Login\"",
              "timedOut": false,
              "duration": 7670,
              "state": null,
              "speed": null,
              "pass": false,
              "fail": false,
              "pending": false,
              "context": null,
              "code": "setup(suite)",
              "err": {},
              "uuid": "90afae43-bb3a-4b7d-a4c4-0a456b98d31e",
              "parentUUID": "283124fc-6524-4346-bb40-4ea074af788b",
              "isHook": true,
              "skipped": false
            }
          ],
          "afterHooks": [
            {
              "title": "\"after all\" hook: codeceptjs.afterSuite in \"Login\"",
              "fullTitle": "Login \"after all\" hook: codeceptjs.afterSuite in \"Login\"",
              "timedOut": false,
              "duration": 1,
              "state": null,
              "speed": null,
              "pass": false,
              "fail": false,
              "pending": false,
              "context": null,
              "code": "suiteTeardown(suite)",
              "err": {},
              "uuid": "3d578e7a-1970-47e1-b395-732392db7bfd",
              "parentUUID": "283124fc-6524-4346-bb40-4ea074af788b",
              "isHook": true,
              "skipped": false
            },
            {
              "title": "\"after each\" hook: codeceptjs.after in \"Login\"",
              "fullTitle": "Login \"after each\" hook: codeceptjs.after in \"Login\"",
              "timedOut": false,
              "duration": 412,
              "state": null,
              "speed": null,
              "pass": false,
              "fail": false,
              "pending": false,
              "context": null,
              "code": "teardown(suite)",
              "err": {},
              "uuid": "04a147aa-8582-4d33-bd01-f3ee7d86a0aa",
              "parentUUID": "283124fc-6524-4346-bb40-4ea074af788b",
              "isHook": true,
              "skipped": false
            }
          ],
          "tests": [
            {
              "title": "Login with success",
              "fullTitle": "Login: Login with success",
              "timedOut": false,
              "duration": 8499,
              "state": "passed",
              "speed": "slow",
              "pass": true,
              "fail": false,
              "pending": false,
              "context": null,
              "code": "runSteps(child.scenario.steps)",
              "err": {},
              "uuid": "e3f5624d-8cd1-4e5c-ae3c-e42fec706a3c",
              "parentUUID": "283124fc-6524-4346-bb40-4ea074af788b",
              "isHook": false,
              "skipped": false
            }
          ],
          "suites": [],
          "passes": [
            "e3f5624d-8cd1-4e5c-ae3c-e42fec706a3c"
          ],
          "failures": [],
          "pending": [],
          "skipped": [],
          "duration": 8499,
          "root": false,
          "rootEmpty": false,
          "_timeout": 0
        },
        {
          "uuid": "c4b32301-81aa-4490-aa08-02c75dbbddff",
          "title": "Login",
          "fullFile": "C:\\Users\\eduar\\Documents\\projetos\\teste-mobile-mc-5\\steps\\login_test.js",
          "file": "\\steps\\login_test.js",
          "beforeHooks": [
            {
              "title": "\"before all\" hook: codeceptjs.beforeSuite in \"Login\"",
              "fullTitle": "Login \"before all\" hook: codeceptjs.beforeSuite in \"Login\"",
              "timedOut": false,
              "duration": 0,
              "state": null,
              "speed": null,
              "pass": false,
              "fail": false,
              "pending": false,
              "context": null,
              "code": "suiteSetup(suite)",
              "err": {},
              "uuid": "eab714d1-1a91-4d22-9406-5c49ec07fdb8",
              "parentUUID": "c4b32301-81aa-4490-aa08-02c75dbbddff",
              "isHook": true,
              "skipped": false
            },
            {
              "title": "\"before all\" hook: BeforeSuite in \"Login\"",
              "fullTitle": "Login \"before all\" hook: BeforeSuite in \"Login\"",
              "timedOut": false,
              "duration": 4,
              "state": null,
              "speed": null,
              "pass": false,
              "fail": false,
              "pending": false,
              "context": null,
              "code": "console.log('BeforeSuite')",
              "err": {},
              "uuid": "4b128d58-2c15-48a6-b249-46951aead649",
              "parentUUID": "c4b32301-81aa-4490-aa08-02c75dbbddff",
              "isHook": true,
              "skipped": false
            },
            {
              "title": "\"before each\" hook: codeceptjs.before in \"Login\"",
              "fullTitle": "Login \"before each\" hook: codeceptjs.before in \"Login\"",
              "timedOut": false,
              "duration": 6892,
              "state": null,
              "speed": null,
              "pass": false,
              "fail": false,
              "pending": false,
              "context": null,
              "code": "setup(suite)",
              "err": {},
              "uuid": "f6efdba4-f3b9-405d-b8c4-ebd1fa95759b",
              "parentUUID": "c4b32301-81aa-4490-aa08-02c75dbbddff",
              "isHook": true,
              "skipped": false
            },
            {
              "title": "\"before each\" hook: Before in \"Login\"",
              "fullTitle": "Login \"before each\" hook: Before in \"Login\"",
              "timedOut": false,
              "duration": 1,
              "state": null,
              "speed": null,
              "pass": false,
              "fail": false,
              "pending": false,
              "context": null,
              "code": "console.log('Before')",
              "err": {},
              "uuid": "c65a70b9-85fa-4fe3-b019-feb9d3adfcfc",
              "parentUUID": "c4b32301-81aa-4490-aa08-02c75dbbddff",
              "isHook": true,
              "skipped": false
            }
          ],
          "afterHooks": [
            {
              "title": "\"after all\" hook: AfterSuite in \"Login\"",
              "fullTitle": "Login \"after all\" hook: AfterSuite in \"Login\"",
              "timedOut": false,
              "duration": 1,
              "state": null,
              "speed": null,
              "pass": false,
              "fail": false,
              "pending": false,
              "context": null,
              "code": "console.log('AfterSuite')",
              "err": {},
              "uuid": "7c519e48-6732-4976-8651-05ecb5331fd8",
              "parentUUID": "c4b32301-81aa-4490-aa08-02c75dbbddff",
              "isHook": true,
              "skipped": false
            },
            {
              "title": "\"after all\" hook: codeceptjs.afterSuite in \"Login\"",
              "fullTitle": "Login \"after all\" hook: codeceptjs.afterSuite in \"Login\"",
              "timedOut": false,
              "duration": 0,
              "state": null,
              "speed": null,
              "pass": false,
              "fail": false,
              "pending": false,
              "context": null,
              "code": "suiteTeardown(suite)",
              "err": {},
              "uuid": "6e25d803-8378-4d53-b993-2cb406d8dd36",
              "parentUUID": "c4b32301-81aa-4490-aa08-02c75dbbddff",
              "isHook": true,
              "skipped": false
            },
            {
              "title": "\"after each\" hook: After in \"Login\"",
              "fullTitle": "Login \"after each\" hook: After in \"Login\"",
              "timedOut": false,
              "duration": 1,
              "state": null,
              "speed": null,
              "pass": false,
              "fail": false,
              "pending": false,
              "context": null,
              "code": "console.log('After')",
              "err": {},
              "uuid": "5938a446-dfb7-4c38-abcd-84f987829b03",
              "parentUUID": "c4b32301-81aa-4490-aa08-02c75dbbddff",
              "isHook": true,
              "skipped": false
            },
            {
              "title": "\"after each\" hook: finalize codeceptjs in \"Login\"",
              "fullTitle": "Login \"after each\" hook: finalize codeceptjs in \"Login\"",
              "timedOut": false,
              "duration": 445,
              "state": null,
              "speed": null,
              "pass": false,
              "fail": false,
              "pending": false,
              "context": null,
              "code": "teardown(suite)",
              "err": {},
              "uuid": "57c28a84-9b65-420c-9dde-9982114c8e7e",
              "parentUUID": "c4b32301-81aa-4490-aa08-02c75dbbddff",
              "isHook": true,
              "skipped": false
            }
          ],
          "tests": [
            {
              "title": "Login with success",
              "fullTitle": "Login: Login with success",
              "timedOut": false,
              "duration": 7995,
              "state": "passed",
              "speed": "slow",
              "pass": true,
              "fail": false,
              "pending": false,
              "context": null,
              "code": "home_page }) => {\n    login_page.doLogin('teste@teste.com', '123456'); \n    home_page.checkLoginSuccess()",
              "err": {},
              "uuid": "9d8491db-67a9-4daa-bf53-7ecf00a13091",
              "parentUUID": "c4b32301-81aa-4490-aa08-02c75dbbddff",
              "isHook": false,
              "skipped": false
            },
            {
              "title": "Login with error",
              "fullTitle": "Login: Login with error",
              "timedOut": false,
              "duration": 7757,
              "state": "passed",
              "speed": "slow",
              "pass": true,
              "fail": false,
              "pending": false,
              "context": null,
              "code": "}) => {\n    login_page.doLogin('xteste@teste.com', '123456');    \n    login_page.checkLoginError()",
              "err": {},
              "uuid": "e63bba5a-74c3-4e62-a0d0-e842b659baf7",
              "parentUUID": "c4b32301-81aa-4490-aa08-02c75dbbddff",
              "isHook": false,
              "skipped": false
            }
          ],
          "suites": [],
          "passes": [
            "9d8491db-67a9-4daa-bf53-7ecf00a13091",
            "e63bba5a-74c3-4e62-a0d0-e842b659baf7"
          ],
          "failures": [],
          "pending": [],
          "skipped": [],
          "duration": 15752,
          "root": false,
          "rootEmpty": false,
          "_timeout": 0
        }
      ],
      "passes": [],
      "failures": [],
      "pending": [],
      "skipped": [],
      "duration": 0,
      "root": true,
      "rootEmpty": true,
      "_timeout": 0
    }
  ],
  "meta": {
    "mocha": {
      "version": "11.7.5"
    },
    "mochawesome": {
      "options": {
        "quiet": false,
        "reportFilename": "mochawesome",
        "saveHtml": true,
        "saveJson": true,
        "consoleReporter": "spec",
        "useInlineDiffs": false,
        "code": true
      },
      "version": "7.1.4"
    },
    "marge": {
      "options": {},
      "version": "6.3.2"
    }
  }
}